<?xml version="1.0" encoding="UTF-8"?>
<!-- Generated by org.testng.reporters.JUnitXMLReporter -->
<testsuite hostname="aulae205-08" ignored="0" name="Default test" tests="5" failures="0" timestamp="09 ago 2017 02:19:47 GMT" time="0.031" errors="0">
  <testcase name="deboDividirCorrectamente" time="0.008" classname="co.edu.uelbosque.swii.calculadoraM.NewTest"/>
  <testcase name="deboMultiplicarCorrectamente" time="0.001" classname="co.edu.uelbosque.swii.calculadoraM.NewTest"/>
  <testcase name="deboRestarCorrectamente" time="0.001" classname="co.edu.uelbosque.swii.calculadoraM.NewTest"/>
  <testcase name="deboSumarCorrectamente" time="0.001" classname="co.edu.uelbosque.swii.calculadoraM.NewTest"/>
  <testcase name="seleccionarComandoCorrecto" time="0.001" classname="co.edu.uelbosque.swii.calculadoraM.NewTest"/>
</testsuite> <!-- Default test -->
