<?xml version="1.0" encoding="UTF-8"?>
<!-- Generated by org.testng.reporters.JUnitXMLReporter -->
<testsuite hostname="JIMMYRIANO-PC" ignored="0" name="Default test" tests="11" failures="0" timestamp="11 ago 2017 04:04:51 GMT" time="0.602" errors="0">
  <testcase name="deboDividirCorrectamente" time="0.114" classname="co.edu.uelbosque.swii.calculadoraM.NewTest"/>
  <testcase name="deboMultiplicarCorrectamente" time="0.004" classname="co.edu.uelbosque.swii.calculadoraM.NewTest"/>
  <testcase name="deboRestarCorrectamente" time="0.005" classname="co.edu.uelbosque.swii.calculadoraM.NewTest"/>
  <testcase name="deboSumarCorrectamente" time="0.006" classname="co.edu.uelbosque.swii.calculadoraM.NewTest"/>
  <testcase name="laOperacionDivisionExiste" time="0.004" classname="co.edu.uelbosque.swii.calculadoraM.NewTest"/>
  <testcase name="laOperacionMultiplicacionExiste" time="0.007" classname="co.edu.uelbosque.swii.calculadoraM.NewTest"/>
  <testcase name="laOperacionRestaExiste" time="0.003" classname="co.edu.uelbosque.swii.calculadoraM.NewTest"/>
  <testcase name="laOperacionSumaExiste" time="0.146" classname="co.edu.uelbosque.swii.calculadoraM.NewTest"/>
  <testcase name="noDebeEncontrarlaOperacionPotencia" time="0.003" classname="co.edu.uelbosque.swii.calculadoraM.NewTest"/>
  <testcase name="operacionCompleta" time="0.006" classname="co.edu.uelbosque.swii.calculadoraM.NewTest"/>
  <testcase name="validaNumero" time="0.002" classname="co.edu.uelbosque.swii.calculadoraM.NewTest"/>
</testsuite> <!-- Default test -->
